# JRE version: 7.0_21-b11
# Java VM: Java HotSpot(TM) Client VM (23.21-b01 mixed mode windows-x86 )
Heap
 def new generation   total 133376K, used 119353K [0x03b10000, 0x0cbc0000, 0x0e5b0000)
  eden space 118592K,  99% used [0x03b10000, 0x0ae5ac00, 0x0aee0000)
  from space 14784K,   8% used [0x0bd50000, 0x0be93a08, 0x0cbc0000)
  to   space 14784K,   0% used [0x0aee0000, 0x0aee0000, 0x0bd50000)
 tenured generation   total 296160K, used 177694K [0x0e5b0000, 0x206e8000, 0x23b10000)
   the space 296160K,  59% used [0x0e5b0000, 0x19337918, 0x19337a00, 0x206e8000)
 compacting perm gen  total 39424K, used 39281K [0x23b10000, 0x26190000, 0x27b10000)
   the space 39424K,  99% used [0x23b10000, 0x2616c740, 0x2616c800, 0x26190000)
GC Heap History (10 events):
Event: 1103.798 GC heap before
{Heap before GC invocations=49 (full 9):
 def new generation   total 114048K, used 108087K [0x03b10000, 0x0b6d0000, 0x0e5b0000)
  eden space 101376K, 100% used [0x03b10000, 0x09e10000, 0x09e10000)
  from space 12672K,  52% used [0x0aa70000, 0x0b0fddc8, 0x0b6d0000)
  to   space 12672K,   0% used [0x09e10000, 0x09e10000, 0x0aa70000)
 tenured generation   total 253356K, used 158403K [0x0e5b0000, 0x1dd1b000, 0x23b10000)
   the space 253356K,  62% used [0x0e5b0000, 0x18060ec0, 0x18061000, 0x1dd1b000)
 compacting perm gen  total 36352K, used 36222K [0x23b10000, 0x25e90000, 0x27b10000)
   the space 36352K,  99% used [0x23b10000, 0x25e6fa20, 0x25e6fc00, 0x25e90000)
No shared spaces configured.
Event: 1103.817 GC heap after
Heap after GC invocations=50 (full 9):
 def new generation   total 114048K, used 946K [0x03b10000, 0x0b6d0000, 0x0e5b0000)
  eden space 101376K,   0% used [0x03b10000, 0x03b10000, 0x09e10000)
  from space 12672K,   7% used [0x09e10000, 0x09efc910, 0x0aa70000)
  to   space 12672K,   0% used [0x0aa70000, 0x0aa70000, 0x0b6d0000)
 tenured generation   total 253356K, used 164929K [0x0e5b0000, 0x1dd1b000, 0x23b10000)
   the space 253356K,  65% used [0x0e5b0000, 0x186c0590, 0x186c0600, 0x1dd1b000)
 compacting perm gen  total 36352K, used 36222K [0x23b10000, 0x25e90000, 0x27b10000)
   the space 36352K,  99% used [0x23b10000, 0x25e6fa20, 0x25e6fc00, 0x25e90000)
No shared spaces configured.
}
Event: 1114.070 GC heap before
{Heap before GC invocations=50 (full 9):
 def new generation   total 114048K, used 102322K [0x03b10000, 0x0b6d0000, 0x0e5b0000)
  eden space 101376K, 100% used [0x03b10000, 0x09e10000, 0x09e10000)
  from space 12672K,   7% used [0x09e10000, 0x09efc910, 0x0aa70000)
  to   space 12672K,   0% used [0x0aa70000, 0x0aa70000, 0x0b6d0000)
 tenured generation   total 253356K, used 164929K [0x0e5b0000, 0x1dd1b000, 0x23b10000)
   the space 253356K,  65% used [0x0e5b0000, 0x186c0590, 0x186c0600, 0x1dd1b000)
 compacting perm gen  total 36608K, used 36494K [0x23b10000, 0x25ed0000, 0x27b10000)
   the space 36608K,  99% used [0x23b10000, 0x25eb3928, 0x25eb3a00, 0x25ed0000)
No shared spaces configured.
Event: 1114.079 GC heap after
Heap after GC invocations=51 (full 9):
 def new generation   total 114048K, used 2695K [0x03b10000, 0x0b6d0000, 0x0e5b0000)
  eden space 101376K,   0% used [0x03b10000, 0x03b10000, 0x09e10000)
  from space 12672K,  21% used [0x0aa70000, 0x0ad11df0, 0x0b6d0000)
  to   space 12672K,   0% used [0x09e10000, 0x09e10000, 0x0aa70000)
 tenured generation   total 253356K, used 164929K [0x0e5b0000, 0x1dd1b000, 0x23b10000)
   the space 253356K,  65% used [0x0e5b0000, 0x186c0590, 0x186c0600, 0x1dd1b000)
 compacting perm gen  total 36608K, used 36494K [0x23b10000, 0x25ed0000, 0x27b10000)
   the space 36608K,  99% used [0x23b10000, 0x25eb3928, 0x25eb3a00, 0x25ed0000)
No shared spaces configured.
}
Event: 1114.407 GC heap before
{Heap before GC invocations=51 (full 9):
 def new generation   total 114048K, used 104071K [0x03b10000, 0x0b6d0000, 0x0e5b0000)
  eden space 101376K, 100% used [0x03b10000, 0x09e10000, 0x09e10000)
  from space 12672K,  21% used [0x0aa70000, 0x0ad11df0, 0x0b6d0000)
  to   space 12672K,   0% used [0x09e10000, 0x09e10000, 0x0aa70000)
 tenured generation   total 253356K, used 164929K [0x0e5b0000, 0x1dd1b000, 0x23b10000)
   the space 253356K,  65% used [0x0e5b0000, 0x186c0590, 0x186c0600, 0x1dd1b000)
 compacting perm gen  total 37376K, used 37140K [0x23b10000, 0x25f90000, 0x27b10000)
   the space 37376K,  99% used [0x23b10000, 0x25f55008, 0x25f55200, 0x25f90000)
No shared spaces configured.
Event: 1114.449 GC heap after
Heap after GC invocations=52 (full 9):
 def new generation   total 114048K, used 12591K [0x03b10000, 0x0b6d0000, 0x0e5b0000)
  eden space 101376K,   0% used [0x03b10000, 0x03b10000, 0x09e10000)
  from space 12672K,  99% used [0x09e10000, 0x0aa5bf00, 0x0aa70000)
  to   space 12672K,   0% used [0x0aa70000, 0x0aa70000, 0x0b6d0000)
 tenured generation   total 253356K, used 164929K [0x0e5b0000, 0x1dd1b000, 0x23b10000)
   the space 253356K,  65% used [0x0e5b0000, 0x186c0590, 0x186c0600, 0x1dd1b000)
 compacting perm gen  total 37376K, used 37140K [0x23b10000, 0x25f90000, 0x27b10000)
   the space 37376K,  99% used [0x23b10000, 0x25f55008, 0x25f55200, 0x25f90000)
No shared spaces configured.
}
Event: 1120.210 GC heap before
{Heap before GC invocations=52 (full 9):
 def new generation   total 114048K, used 71695K [0x03b10000, 0x0b6d0000, 0x0e5b0000)
  eden space 101376K,  58% used [0x03b10000, 0x074c7e78, 0x09e10000)
  from space 12672K,  99% used [0x09e10000, 0x0aa5bf00, 0x0aa70000)
  to   space 12672K,   0% used [0x0aa70000, 0x0aa70000, 0x0b6d0000)
 tenured generation   total 253356K, used 164929K [0x0e5b0000, 0x1dd1b000, 0x23b10000)
   the space 253356K,  65% used [0x0e5b0000, 0x186c0590, 0x186c0600, 0x1dd1b000)
 compacting perm gen  total 37632K, used 37631K [0x23b10000, 0x25fd0000, 0x27b10000)
   the space 37632K,  99% used [0x23b10000, 0x25fcffd0, 0x25fd0000, 0x25fd0000)
No shared spaces configured.
Event: 1120.578 GC heap after
Heap after GC invocations=53 (full 10):
 def new generation   total 133376K, used 0K [0x03b10000, 0x0cbc0000, 0x0e5b0000)
  eden space 118592K,   0% used [0x03b10000, 0x03b10000, 0x0aee0000)
  from space 14784K,   0% used [0x0aee0000, 0x0aee0000, 0x0bd50000)
  to   space 14784K,   0% used [0x0bd50000, 0x0bd50000, 0x0cbc0000)
 tenured generation   total 296160K, used 177694K [0x0e5b0000, 0x206e8000, 0x23b10000)
   the space 296160K,  59% used [0x0e5b0000, 0x19337918, 0x19337a00, 0x206e8000)
 compacting perm gen  total 37632K, used 37631K [0x23b10000, 0x25fd0000, 0x27b10000)
   the space 37632K,  99% used [0x23b10000, 0x25fcffd0, 0x25fd0000, 0x25fd0000)
No shared spaces configured.
}
Event: 1124.101 GC heap before
{Heap before GC invocations=53 (full 10):
 def new generation   total 133376K, used 118592K [0x03b10000, 0x0cbc0000, 0x0e5b0000)
  eden space 118592K, 100% used [0x03b10000, 0x0aee0000, 0x0aee0000)
  from space 14784K,   0% used [0x0aee0000, 0x0aee0000, 0x0bd50000)
  to   space 14784K,   0% used [0x0bd50000, 0x0bd50000, 0x0cbc0000)
 tenured generation   total 296160K, used 177694K [0x0e5b0000, 0x206e8000, 0x23b10000)
   the space 296160K,  59% used [0x0e5b0000, 0x19337918, 0x19337a00, 0x206e8000)
 compacting perm gen  total 39168K, used 39062K [0x23b10000, 0x26150000, 0x27b10000)
   the space 39168K,  99% used [0x23b10000, 0x26135838, 0x26135a00, 0x26150000)
No shared spaces configured.
Event: 1124.109 GC heap after
Heap after GC invocations=54 (full 10):
 def new generation   total 133376K, used 1294K [0x03b10000, 0x0cbc0000, 0x0e5b0000)
  eden space 118592K,   0% used [0x03b10000, 0x03b10000, 0x0aee0000)
  from space 14784K,   8% used [0x0bd50000, 0x0be93a08, 0x0cbc0000)
  to   space 14784K,   0% used [0x0aee0000, 0x0aee0000, 0x0bd50000)
 tenured generation   total 296160K, used 177694K [0x0e5b0000, 0x206e8000, 0x23b10000)
   the space 296160K,  59% used [0x0e5b0000, 0x19337918, 0x19337a00, 0x206e8000)
 compacting perm gen  total 39168K, used 39062K [0x23b10000, 0x26150000, 0x27b10000)
   the space 39168K,  99% used [0x23b10000, 0x26135838, 0x26135a00, 0x26150000)
No shared spaces configured.
}

